<?xml version="1.0" encoding="UTF-8"?>
<testsuite name="TestSuite" time="0.099" tests="1" errors="0" skipped="0" failures="1">
  <properties>
[...]
</properties>
  <testcase name="test02Chrome" classname="octo.calc.automate.JMeterSeleniumDemoTest" time="0.099">
    <failure message="The driver executable does not exist: C:\usr\bin\chromedriver" type="java.lang.IllegalStateException"><![CDATA[java.lang.IllegalStateException: The driver executable does not exist: C:\usr\bin\chromedriver
	at com.google.common.base.Preconditions.checkState(Preconditions.java:200)
	at org.openqa.selenium.remote.service.DriverService.checkExecutable(DriverService.java:122)
	at org.openqa.selenium.remote.service.DriverService.findExecutable(DriverService.java:117)
	at org.openqa.selenium.chrome.ChromeDriverService.access$000(ChromeDriverService.java:32)
	at org.openqa.selenium.chrome.ChromeDriverService$Builder.findDefaultExecutable(ChromeDriverService.java:118)
	at org.openqa.selenium.remote.service.DriverService$Builder.build(DriverService.java:291)
	at org.openqa.selenium.chrome.ChromeDriverService.createDefaultService(ChromeDriverService.java:82)
	at org.openqa.selenium.chrome.ChromeDriver.<init>(ChromeDriver.java:117)
	at octo.calc.automate.JMeterSeleniumDemoTest.test02Chrome(JMeterSeleniumDemoTest.java:12)
]]></failure>
  </testcase>
</testsuite>